<?xml version="1.0" encoding="UTF-8"?>
<!-- Generated by org.testng.reporters.JUnitReportReporter -->
<testsuite hostname="DESKTOP-EB5AVFJ" failures="0" tests="1" name="testCases.Tc_002_LoginTest" time="2.540" errors="0" timestamp="2023-06-19T13:51:42 IST" skipped="0">
  <testcase classname="testCases.Tc_002_LoginTest" name="test_login" time="2.540"/>
  <system-out/>
</testsuite> <!-- testCases.Tc_002_LoginTest -->
