<?xml version="1.0" encoding="UTF-8"?>
<!-- Generated by org.testng.reporters.JUnitReportReporter -->
<testsuite hostname="DESKTOP-EB5AVFJ" failures="0" tests="1" name="testCases.Tc_002_LoginTest" time="3.009" errors="0" timestamp="2023-06-17T15:58:52 IST" skipped="0">
  <testcase classname="testCases.Tc_002_LoginTest" name="test_login" time="3.009"/>
  <system-out/>
</testsuite> <!-- testCases.Tc_002_LoginTest -->
